C51 COMPILER V9.00   MAIN                                                                  05/18/2015 16:13:42 PAGE 1   


C51 COMPILER V9.00, COMPILATION OF MODULE MAIN
OBJECT MODULE PLACED IN .\output\main.obj
COMPILER INVOKED BY: d:\Keil\C51\BIN\C51.EXE main.c BROWSE DEBUG OBJECTEXTEND PRINT(.\list\main.lst) OBJECT(.\output\mai
                    -n.obj)

line level    source

   1          #include "common.h"
   2          #include"qudong.h"
   3          #include"xunji.h"
   4          
   5          void init_timer0(void)//定时器0初始化
   6          {
   7   1              TMOD=0x01;//定时器0工作于方式1
   8   1              TH0=(65536-1000)/256;
   9   1              TL0=(65536-1000)%256;
  10   1              TR0=1;
  11   1              ET0=1;
  12   1              EA=1;
  13   1      }
  14          
  15          void main()
  16          {
  17   1              init_timer0();
  18   1              while(1)
  19   1              {
  20   2                       xunji();
  21   2              }
  22   1      }
  23          
  24          
  25          void timer0() interrupt 1
  26          {
  27   1              TH0=(65536-1000)/256;
  28   1              TL0=(65536-1000)%256;
  29   1              flag1++;
  30   1              if(flag1>=1000)
  31   1              {
  32   2                      flag1=0;
  33   2              }
  34   1              flag2++;
  35   1              if(flag2>=1000)
  36   1              {
  37   2                      flag2=0;
  38   2              }                       
  39   1      }


MODULE INFORMATION:   STATIC OVERLAYABLE
   CODE SIZE        =     89    ----
   CONSTANT SIZE    =   ----    ----
   XDATA SIZE       =   ----    ----
   PDATA SIZE       =   ----    ----
   DATA SIZE        =   ----    ----
   IDATA SIZE       =   ----    ----
   BIT SIZE         =   ----    ----
END OF MODULE INFORMATION.


C51 COMPILATION COMPLETE.  0 WARNING(S),  0 ERROR(S)
