C51 COMPILER V9.00   QUDONG                                                                05/18/2015 16:13:42 PAGE 1   


C51 COMPILER V9.00, COMPILATION OF MODULE QUDONG
OBJECT MODULE PLACED IN .\output\qudong.obj
COMPILER INVOKED BY: d:\Keil\C51\BIN\C51.EXE qudong.c BROWSE DEBUG OBJECTEXTEND PRINT(.\list\qudong.lst) OBJECT(.\output
                    -\qudong.obj)

line level    source

   1          #include"qudong.h"
   2          
   3          
   4          void zuoqianjin(void)//左前进
   5          {
   6   1              in3=1;
   7   1              in4=0;  
   8   1      } 
   9          
  10          void zuohoutui(void)//左后退    
  11          {
  12   1              in3=0;
  13   1              in4=1;
  14   1      } 
  15          
  16          void youqianjin(void)//右前进
  17          {
  18   1              in1=0;
  19   1              in2=1;  
  20   1      } 
  21          
  22          void youhoutui(void)//右后退    
  23          {
  24   1              in1=1;
  25   1              in2=0;
  26   1      } 
  27          
  28          
  29          void zuo_speed(uint x,uint y)
  30          {
  31   1              if(x<=y)
  32   1                      EN1=1;
  33   1              else
  34   1                      EN1=0;
  35   1      }
  36          
  37          void you_speed(uint x,uint y)
  38          {
  39   1              if(x<=y)
  40   1                      EN2=1;
  41   1              else
  42   1                      EN2=0;
  43   1      }
  44          
  45          void zhixian(uint x1,uint y1,uint x2,uint y2)//前进
  46          {
  47   1              zuoqianjin();
  48   1              youqianjin();
  49   1              zuo_speed(x1,y1);
  50   1              you_speed(x2,y2);       
  51   1      } 
  52          
  53          void zuozhuan(uint x1,uint y1,uint x2,uint y2)//左转
  54          {
C51 COMPILER V9.00   QUDONG                                                                05/18/2015 16:13:42 PAGE 2   

  55   1              zuoqianjin();
  56   1              youqianjin();
  57   1              zuo_speed(x1,y1);
  58   1              you_speed(x2,y2);
  59   1      }
  60          void youzhuan(uint x1,uint y1,uint x2,uint y2)//右转
  61          {
  62   1              zuoqianjin();
  63   1              youqianjin();
  64   1              zuo_speed(x1,y1);
  65   1              you_speed(x2,y2);
  66   1      } 
  67          
  68          


MODULE INFORMATION:   STATIC OVERLAYABLE
   CODE SIZE        =     94    ----
   CONSTANT SIZE    =   ----    ----
   XDATA SIZE       =   ----    ----
   PDATA SIZE       =   ----    ----
   DATA SIZE        =   ----      24
   IDATA SIZE       =   ----    ----
   BIT SIZE         =   ----    ----
END OF MODULE INFORMATION.


C51 COMPILATION COMPLETE.  0 WARNING(S),  0 ERROR(S)
