C51 COMPILER V9.00   XUNJI                                                                 05/18/2015 16:13:42 PAGE 1   


C51 COMPILER V9.00, COMPILATION OF MODULE XUNJI
OBJECT MODULE PLACED IN .\output\xunji.obj
COMPILER INVOKED BY: d:\Keil\C51\BIN\C51.EXE xunji.c BROWSE DEBUG OBJECTEXTEND PRINT(.\list\xunji.lst) OBJECT(.\output\x
                    -unji.obj)

line level    source

   1          #include"xunji.h"       
   2          
   3          int flag1=0;
   4          int flag2=0;
   5          
   6          void xunji(void)
   7          {       
   8   1                      if((HW1==1)&&(HW2==1)&&(HW3==1)&&(HW4==1))
   9   1                      {
  10   2                              zhixian(flag1,500,flag2,500);
  11   2                      }
  12   1                      else if((HW1==1)&&(HW2==1)&&(HW3==0)&&(HW4==0))//慢右转
  13   1                      {
  14   2                              youzhuan(flag1,500,flag2,200);
  15   2                      }
  16   1                      else if((HW1==0)&&(HW2==0)&&(HW3==1)&&(HW4==1))//慢左转
  17   1                      {
  18   2                              zuozhuan(flag1,200,flag2,500);
  19   2                      }
  20   1                      else if((HW1==0)&&(HW2==0)&&(HW3==0)&&(HW4==1))//快左转
  21   1                      {                             
  22   2                              zuozhuan(flag1,200,flag2,700);
  23   2                      }
  24   1                      else if((HW1==1)&&(HW2==0)&&(HW3==0)&&(HW4==0))//快右转
  25   1                      {
  26   2                              youzhuan(flag1,700,flag2,200);
  27   2                      }
  28   1      }


MODULE INFORMATION:   STATIC OVERLAYABLE
   CODE SIZE        =    148    ----
   CONSTANT SIZE    =   ----    ----
   XDATA SIZE       =   ----    ----
   PDATA SIZE       =   ----    ----
   DATA SIZE        =      4    ----
   IDATA SIZE       =   ----    ----
   BIT SIZE         =   ----    ----
END OF MODULE INFORMATION.


C51 COMPILATION COMPLETE.  0 WARNING(S),  0 ERROR(S)
