C51 COMPILER V9.00   DELAY                                                                 05/18/2015 22:55:12 PAGE 1   


C51 COMPILER V9.00, COMPILATION OF MODULE DELAY
OBJECT MODULE PLACED IN .\output\delay.obj
COMPILER INVOKED BY: d:\Keil\C51\BIN\C51.EXE delay.c BROWSE DEBUG OBJECTEXTEND PRINT(.\list\delay.lst) OBJECT(.\output\d
                    -elay.obj)

line level    source

   1          #include"delay.h"
   2          
   3          void delay_us(uint x)
   4          {
   5   1              uint i,j;
   6   1              for (j=0;j<x;j++)
   7   1                      for (i=0;i<11;i++);
   8   1      }
   9          
  10          void delay_ms(uint x)
  11          {
  12   1              uint i,j;
  13   1              for (j=0;j<x;j++)
  14   1                      for (i=0;i<110;i++);
  15   1      }


MODULE INFORMATION:   STATIC OVERLAYABLE
   CODE SIZE        =     64    ----
   CONSTANT SIZE    =   ----    ----
   XDATA SIZE       =   ----    ----
   PDATA SIZE       =   ----    ----
   DATA SIZE        =   ----    ----
   IDATA SIZE       =   ----    ----
   BIT SIZE         =   ----    ----
END OF MODULE INFORMATION.


C51 COMPILATION COMPLETE.  0 WARNING(S),  0 ERROR(S)
