C51 COMPILER V9.00   LED                                                                   05/17/2015 10:28:46 PAGE 1   


C51 COMPILER V9.00, COMPILATION OF MODULE LED
OBJECT MODULE PLACED IN .\output\led.obj
COMPILER INVOKED BY: d:\Keil\C51\BIN\C51.EXE led.c BROWSE DEBUG OBJECTEXTEND PRINT(.\list\led.lst) OBJECT(.\output\led.o
                    -bj)

line level    source

   1          #include"led.h"
   2          
   3          
   4          void led(void)
   5          {
   6   1              delay_us(1000);
   7   1              nRF24L01_Init();
   8   1              nRF24L01_Set_RX_Mode();
   9   1              delay_ms(100);
  10   1              if(nRF24L01_RX_Data())
  11   1              {
  12   2                      if(RX_Buffer[0]==0xfe)
  13   2                      {
  14   3                              LED1=0;
  15   3                      } 
  16   2                      if(RX_Buffer[0]==0xfb)
  17   2                      {
  18   3                              LED2=0; 
  19   3                      }
  20   2                      if(RX_Buffer[0]==0xfd)
  21   2                      {
  22   3                              LED3=0;
  23   3                      }
  24   2                      if(RX_Buffer[0]==0xf7)
  25   2                      {
  26   3                              LED4=0;         
  27   3                      }
  28   2                      if(RX_Buffer[0]==0xef)
  29   2                      {
  30   3                              LED5=0;
  31   3                      } 
  32   2                      if(RX_Buffer[0]==0xdf)
  33   2                      {
  34   3                              LED6=0; 
  35   3                      }
  36   2                      if(RX_Buffer[0]==0xbf)
  37   2                      {
  38   3                              LED7=0;
  39   3                      }
  40   2                      if(RX_Buffer[0]==0x7f)
  41   2                      {
  42   3                              LED8=0;
  43   3                      }
  44   2              }
  45   1              else
  46   1              {
  47   2                      LED1=1;
  48   2                      LED2=1;
  49   2                      LED3=1;
  50   2                      LED4=1;
  51   2                      LED5=1;
  52   2                      LED6=1;
  53   2                      LED7=1;
  54   2                      LED8=1;
C51 COMPILER V9.00   LED                                                                   05/17/2015 10:28:46 PAGE 2   

  55   2              }
  56   1      }


MODULE INFORMATION:   STATIC OVERLAYABLE
   CODE SIZE        =    100    ----
   CONSTANT SIZE    =   ----    ----
   XDATA SIZE       =   ----    ----
   PDATA SIZE       =   ----    ----
   DATA SIZE        =   ----    ----
   IDATA SIZE       =   ----    ----
   BIT SIZE         =   ----    ----
END OF MODULE INFORMATION.


C51 COMPILATION COMPLETE.  0 WARNING(S),  0 ERROR(S)
