C51 COMPILER V9.00   MAIN                                                                  05/18/2015 22:55:12 PAGE 1   


C51 COMPILER V9.00, COMPILATION OF MODULE MAIN
OBJECT MODULE PLACED IN .\output\main.obj
COMPILER INVOKED BY: d:\Keil\C51\BIN\C51.EXE main.c BROWSE DEBUG OBJECTEXTEND PRINT(.\list\main.lst) OBJECT(.\output\mai
                    -n.obj)

line level    source

   1          #include "common.h"
   2          #include "nRF24L01_RX.h"
   3          #include"delay.h"
   4          #include"qudong.h"
   5          #include"xunji.h"
   6          #include"key.h"
   7          
   8          int flag1=0;
   9          int flag2=0;
  10          
  11          void init_timer0(void)//定时器0初始化
  12          {
  13   1              TMOD=0x01;//定时器0工作于方式1
  14   1              TH0=(65536-1000)/256;
  15   1              TL0=(65536-1000)%256;
  16   1              TR0=1;
  17   1              ET0=1;
  18   1              EA=1;
  19   1      }
  20          
  21          void main()
  22          {
  23   1              init_timer0();
  24   1              EN1=0;
  25   1              EN2=0;
  26   1              in1=0;
  27   1              in2=1;
  28   1              in3=1;
  29   1              in4=0;
  30   1              while(1)
  31   1              {
  32   2                      zuo_speed_high();
  33   2                      zuo_speed_low();
  34   2                      you_speed_high();
  35   2                      you_speed_low();
  36   2                      xunji();
  37   2              }
  38   1      }
  39          
  40          
  41          void timer0() interrupt 1
  42          {
  43   1              TH0=(65536-1000)/256;
  44   1              TL0=(65536-1000)%256;
  45   1              flag1++;
  46   1              if(flag1>=100)
  47   1              {
  48   2                      flag1=0;
  49   2              }
  50   1              if(flag1>=x)
  51   1              {
  52   2                      EN1=1;
  53   2              }
  54   1              else
C51 COMPILER V9.00   MAIN                                                                  05/18/2015 22:55:12 PAGE 2   

  55   1              {
  56   2                      EN1=0;
  57   2              }
  58   1              flag2++;
  59   1              if(flag2>=100)
  60   1              {
  61   2                      flag2=0;
  62   2              }
  63   1              if(flag2>=y)
  64   1              {
  65   2                      EN2=1;
  66   2              }
  67   1              else
  68   1              {
  69   2                      EN2=0;
  70   2              }
  71   1                              
  72   1      }
  73          
  74          
  75          


MODULE INFORMATION:   STATIC OVERLAYABLE
   CODE SIZE        =    166    ----
   CONSTANT SIZE    =   ----    ----
   XDATA SIZE       =   ----    ----
   PDATA SIZE       =   ----    ----
   DATA SIZE        =      4    ----
   IDATA SIZE       =   ----    ----
   BIT SIZE         =   ----    ----
END OF MODULE INFORMATION.


C51 COMPILATION COMPLETE.  0 WARNING(S),  0 ERROR(S)
