C51 COMPILER V9.00   DELAY                                                                 05/18/2015 16:13:09 PAGE 1   


C51 COMPILER V9.00, COMPILATION OF MODULE DELAY
OBJECT MODULE PLACED IN .\output\delay.obj
COMPILER INVOKED BY: d:\Keil\C51\BIN\C51.EXE delay.c BROWSE DEBUG OBJECTEXTEND PRINT(.\list\delay.lst) OBJECT(.\output\d
                    -elay.obj)

line level    source

   1          #include"delay.h"
   2          void delayms(uint xms)
   3          {
   4   1              uint i,j;
   5   1              for(i=xms;i>0;i--)
   6   1                      for(j=110;j>0;j--);
   7   1      }
   8          


MODULE INFORMATION:   STATIC OVERLAYABLE
   CODE SIZE        =     30    ----
   CONSTANT SIZE    =   ----    ----
   XDATA SIZE       =   ----    ----
   PDATA SIZE       =   ----    ----
   DATA SIZE        =   ----    ----
   IDATA SIZE       =   ----    ----
   BIT SIZE         =   ----    ----
END OF MODULE INFORMATION.


C51 COMPILATION COMPLETE.  0 WARNING(S),  0 ERROR(S)
