C51 COMPILER V9.00   MAIN                                                                  05/18/2015 16:13:08 PAGE 1   


C51 COMPILER V9.00, COMPILATION OF MODULE MAIN
OBJECT MODULE PLACED IN .\output\main.obj
COMPILER INVOKED BY: d:\Keil\C51\BIN\C51.EXE main.c BROWSE DEBUG OBJECTEXTEND PRINT(.\list\main.lst) OBJECT(.\output\mai
                    -n.obj)

line level    source

   1          #include "common.h"
   2          #include"xunji.h"
   3          #include"key.h"
   4          
   5          int flag1=0;
   6          int flag2=0;
   7          
   8          void init_timer0(void)//定时器0初始化
   9          {
  10   1              TMOD=0x01;//定时器0工作于方式1
  11   1              TH0=(65536-1000)/256;
  12   1              TL0=(65536-1000)%256;
  13   1              TR0=1;
  14   1              ET0=1;
  15   1              EA=1;
  16   1      }
  17          
  18          void main()
  19          {
  20   1              init_timer0();
  21   1              EN1=0;
  22   1              EN2=0;
  23   1              in1=0;
  24   1              in2=1;
  25   1              in3=1;
  26   1              in4=0;
  27   1              while(1)
  28   1              {
  29   2                      zuo_speed_high();
  30   2                      zuo_speed_low();
  31   2                      you_speed_high();
  32   2                      you_speed_low();
  33   2                      xunji();
  34   2              }
  35   1      }
  36          
  37          
  38          void timer0() interrupt 1
  39          {
  40   1              TH0=(65536-1000)/256;
  41   1              TL0=(65536-1000)%256;
  42   1              flag1++;
  43   1              if(flag1>=100)
  44   1              {
  45   2                      flag1=0;
  46   2              }
  47   1              if(flag1>=x)
  48   1              {
  49   2                      EN1=1;
  50   2              }
  51   1              else
  52   1              {
  53   2                      EN1=0;
  54   2              }
C51 COMPILER V9.00   MAIN                                                                  05/18/2015 16:13:08 PAGE 2   

  55   1              flag2++;
  56   1              if(flag2>=100)
  57   1              {
  58   2                      flag2=0;
  59   2              }
  60   1              if(flag2>=y)
  61   1              {
  62   2                      EN2=1;
  63   2              }
  64   1              else
  65   1              {
  66   2                      EN2=0;
  67   2              }
  68   1                              
  69   1      }
  70          
  71          
  72          


MODULE INFORMATION:   STATIC OVERLAYABLE
   CODE SIZE        =    166    ----
   CONSTANT SIZE    =   ----    ----
   XDATA SIZE       =   ----    ----
   PDATA SIZE       =   ----    ----
   DATA SIZE        =      4    ----
   IDATA SIZE       =   ----    ----
   BIT SIZE         =   ----    ----
END OF MODULE INFORMATION.


C51 COMPILATION COMPLETE.  0 WARNING(S),  0 ERROR(S)
