C51 COMPILER V9.00   XUNJI                                                                 05/18/2015 16:13:09 PAGE 1   


C51 COMPILER V9.00, COMPILATION OF MODULE XUNJI
OBJECT MODULE PLACED IN .\output\xunji.obj
COMPILER INVOKED BY: d:\Keil\C51\BIN\C51.EXE xunji.c BROWSE DEBUG OBJECTEXTEND PRINT(.\list\xunji.lst) OBJECT(.\output\x
                    -unji.obj)

line level    source

   1          #include"xunji.h"       
   2          
   3          
   4          void xunji(void)
   5          {       
   6   1                      if((HW1==0)&&(HW2==0)&&(HW3==0)&&(HW4==0))
   7   1                      {
   8   2                              zhixian();
   9   2                      }
  10   1                      else if((HW1==0)&&(HW2==0)&&(HW3==1)&&(HW4==1))
  11   1                      {
  12   2                              manyouzhuan();
  13   2                      }
  14   1                      else if((HW1==1)&&(HW2==1)&&(HW3==0)&&(HW4==0))
  15   1                      {
  16   2                              manzuozhuan();
  17   2                      }
  18   1                      else if((HW1==1)&&(HW2==1)&&(HW3==1)&&(HW4==0))
  19   1                      {                             
  20   2                              kuaizuozhuan();
  21   2                      }
  22   1                      else if((HW1==0)&&(HW2==1)&&(HW3==1)&&(HW4==1))
  23   1                      {
  24   2                              kuaiyouzhuan();
  25   2                      }
  26   1      }


MODULE INFORMATION:   STATIC OVERLAYABLE
   CODE SIZE        =     76    ----
   CONSTANT SIZE    =   ----    ----
   XDATA SIZE       =   ----    ----
   PDATA SIZE       =   ----    ----
   DATA SIZE        =   ----    ----
   IDATA SIZE       =   ----    ----
   BIT SIZE         =   ----    ----
END OF MODULE INFORMATION.


C51 COMPILATION COMPLETE.  0 WARNING(S),  0 ERROR(S)
