C51 COMPILER V9.00   MAIN                                                                  05/19/2015 21:28:33 PAGE 1   


C51 COMPILER V9.00, COMPILATION OF MODULE MAIN
OBJECT MODULE PLACED IN .\output\main.obj
COMPILER INVOKED BY: d:\Keil\C51\BIN\C51.EXE main.c BROWSE DEBUG OBJECTEXTEND PRINT(.\list\main.lst) OBJECT(.\output\mai
                    -n.obj)

line level    source

   1          #include "common.h"
   2          #include "nRF24L01_RX.h"
   3          #include"delay.h"
   4          #include"led.h"
   5          #include"qudong.h"
   6          #include"xunji.h"
   7          
   8          
   9          
  10          void main()
  11          {
  12   1              while(1)
  13   1              {
  14   2                       qudong();
  15   2              }
  16   1      }
  17          
  18          


MODULE INFORMATION:   STATIC OVERLAYABLE
   CODE SIZE        =      5    ----
   CONSTANT SIZE    =   ----    ----
   XDATA SIZE       =   ----    ----
   PDATA SIZE       =   ----    ----
   DATA SIZE        =   ----    ----
   IDATA SIZE       =   ----    ----
   BIT SIZE         =   ----    ----
END OF MODULE INFORMATION.


C51 COMPILATION COMPLETE.  0 WARNING(S),  0 ERROR(S)
