C51 COMPILER V9.54   LCD12864                                                              03/27/2017 16:56:07 PAGE 1   


C51 COMPILER V9.54, COMPILATION OF MODULE LCD12864
OBJECT MODULE PLACED IN .\output\lcd12864.obj
COMPILER INVOKED BY: D:\Keil_v5\C51\BIN\C51.EXE lcd12864.c BROWSE DEBUG OBJECTEXTEND PRINT(.\list\lcd12864.lst) TABS(2) 
                    -OBJECT(.\output\lcd12864.obj)

line level    source

   1          #include "lcd12864.h"
   2          #include "delay.h"
   3          
   4          
   5          void write_com(uchar com)//写命令
   6          {
   7   1        rs=0;//写命令
   8   1        delayms(5);
   9   1        rw=0;//写操作
  10   1        en=0;//上升沿写入数据
  11   1        DATAPORT=com;//写命令数据
  12   1        delayms(10);//等待数据稳定
  13   1        en=1;
  14   1        delayms(5);
  15   1        en=0;
  16   1      }
  17          
  18          
  19          void write_data(uchar dat)//写数据
  20          {
  21   1        rs=1;//写数据 
  22   1        delayms(5);
  23   1        rw=0;//写操作
  24   1        en=0;//上升沿写入数据
  25   1        DATAPORT=dat;//写数据数据
  26   1        delayms(10);//等待数据稳定
  27   1        en=1;
  28   1        delayms(5);
  29   1        en=0;
  30   1      }
  31          
  32          
  33          void init_lcd12864(void)//初始化
  34          {
  35   1        beiguang=0; 
  36   1        PSB = 1;//选择并行模式
  37   1        write_com(0x01);//显示清零
  38   1        delayms(5); 
  39   1        write_com(0x30);//基本设置
  40   1        delayms(5); 
  41   1        write_com(0x0c);//显示开,游标关
  42   1        delayms(5);
  43   1      }
  44          
  45          
  46          void write_string(uchar x,uchar y,char *z)
  47          {
  48   1        if(y==0)
  49   1        {
  50   2          write_com(0x80+x);
  51   2        }
  52   1        else if(y==1) 
  53   1        {
  54   2          write_com(0x90+x);  
C51 COMPILER V9.54   LCD12864                                                              03/27/2017 16:56:07 PAGE 2   

  55   2        }
  56   1        else if(y==2) 
  57   1        {
  58   2          write_com(0x88+x);  
  59   2        }
  60   1        else if(y==3) 
  61   1        {
  62   2          write_com(0x98+x);  
  63   2        }
  64   1        while(*z)
  65   1        {
  66   2          write_data(*z);
  67   2          z++;
  68   2        }
  69   1      }


MODULE INFORMATION:   STATIC OVERLAYABLE
   CODE SIZE        =    198    ----
   CONSTANT SIZE    =   ----    ----
   XDATA SIZE       =   ----    ----
   PDATA SIZE       =   ----    ----
   DATA SIZE        =   ----       7
   IDATA SIZE       =   ----    ----
   BIT SIZE         =   ----    ----
END OF MODULE INFORMATION.


C51 COMPILATION COMPLETE.  0 WARNING(S),  0 ERROR(S)
