C51 COMPILER V9.54   MAIN                                                                  03/27/2017 16:56:07 PAGE 1   


C51 COMPILER V9.54, COMPILATION OF MODULE MAIN
OBJECT MODULE PLACED IN .\output\main.obj
COMPILER INVOKED BY: D:\Keil_v5\C51\BIN\C51.EXE main.c BROWSE DEBUG OBJECTEXTEND PRINT(.\list\main.lst) TABS(2) OBJECT(.
                    -\output\main.obj)

line level    source

   1          #include "common.h"
   2          #include "lcd12864.h"
   3          #include "key.h"
   4          #include "delay.h"
   5          #include <stdio.h>
   6          
   7          uint count=0;
   8          
   9          
  10          void init_timer0(void)
  11          {
  12   1        TMOD=0x02;
  13   1        TH0=56;
  14   1        TL0=56;
  15   1        EA=1;
  16   1        ET0=1;
  17   1        TR0=1;
  18   1      }
  19          
  20          
  21          
  22          void main (void)
  23          {
  24   1        init_lcd12864();
  25   1          init_timer0(); 
  26   1        while(1)
  27   1        {
  28   2            if(key4num==0)
  29   2          {
  30   3            if(key1num==0)
  31   3            {
  32   4              if(flag1==0)
  33   4              {
  34   5                write_com(0x01);
  35   5                write_string(0,1,"0000年00月00日  ");
  36   5                write_string(0,2,"  00时00分00秒  ");
  37   5              }
  38   4              sprintf(temp,"%02d",miao);
  39   4              write_string(5,2,temp);
  40   4              sprintf(temp+3,"%02d",fen);
  41   4              write_string(3,2,temp+3);
  42   4              sprintf(temp+6,"%02d",shi);
  43   4              write_string(1,2,temp+6);
  44   4              sprintf(temp+9,"%04d",nian);
  45   4              write_string(0,1,temp+9);
  46   4              sprintf(temp+12,"%02d",yue);
  47   4              write_string(3,1,temp+12);
  48   4              sprintf(temp+15,"%02d",ri);
  49   4              write_string(5,1,temp+15);
  50   4              key();
  51   4            }
  52   3            if(key1num!=0)
  53   3            {
  54   4              key();
C51 COMPILER V9.54   MAIN                                                                  03/27/2017 16:56:07 PAGE 2   

  55   4            }
  56   3          }
  57   2          if(key4num==1)
  58   2          { 
  59   3            if(key1num==0)
  60   3            {
  61   4              if(flag==0)
  62   4              {
  63   5                write_com(0x01);
  64   5                write_string(0,1,"  00  00  00    ");
  65   5                write_string(0,2,"  00  00  00    ");
  66   5              }
  67   4              sprintf(temp+21,"%02d",xfen);
  68   4              write_string(3,2,temp+21);
  69   4              sprintf(temp+24,"%02d",xshi);
  70   4              write_string(1,2,temp+24);
  71   4              sprintf(temp+33,"%02d",x);
  72   4              write_string(5,1,temp+33);
  73   4              sprintf(temp+30,"%02d",y);
  74   4              write_string(3,1,temp+30);
  75   4              sprintf(temp+27,"%02d",z);
  76   4              write_string(1,1,temp+27);
  77   4              sprintf(temp+18,"%02d",xmiao);
  78   4              write_string(5,2,temp+18);
  79   4              key();
  80   4            }
  81   3            if(key1num!=0)
  82   3            {
  83   4              key();
  84   4            }
  85   3          }
  86   2          if(shi==xshi&&fen==xfen&&miao==xmiao)
  87   2          {
  88   3            jiao=0;
  89   3          }
  90   2          if(shi==xshi+z&&fen==xfen+y&&miao==xmiao+x)
  91   2          {
  92   3            jiao=1;
  93   3          }
  94   2        } 
  95   1      }
  96          
  97          
  98          
  99          void timer0(void) interrupt 1
 100          {
 101   1        count++;
 102   1        if(count>=5000)
 103   1        {
 104   2          count=0;
 105   2          miao++;
 106   2          if(miao>=60)
 107   2          { 
 108   3            miao=0;
 109   3            fen++;
 110   3            if(fen>=60)
 111   3            {
 112   4              fen=0;
 113   4              shi++;
 114   4                  if(shi>=24)
 115   4              {
 116   5                shi=0;
C51 COMPILER V9.54   MAIN                                                                  03/27/2017 16:56:07 PAGE 3   

 117   5                ri++;
 118   5                if((nian%400==0)||(nian%4==0&&nian%100!=0))
 119   5                     {
 120   6                      if(yue==2) xri=29;
 121   6                   }
 122   5                   else
 123   5                   {
 124   6                        if(yue==2) xri=28;
 125   6                   }
 126   5                   if(yue==1||yue==3||yue==5||yue==7||yue==8||yue==10||yue==12) xri=31;
 127   5                   if(yue==4||yue==6||yue==9||yue==11) xri=30;
 128   5                   if(ri>xri)
 129   5                   {
 130   6                    ri=1;
 131   6                    yue++;
 132   6                    if(yue>12)
 133   6                    {
 134   7                      yue=1;
 135   7                      nian++;
 136   7                    }
 137   6                   }
 138   5              }
 139   4              }
 140   3            }
 141   2         }
 142   1      }
 143          


MODULE INFORMATION:   STATIC OVERLAYABLE
   CODE SIZE        =   1057    ----
   CONSTANT SIZE    =     61    ----
   XDATA SIZE       =   ----    ----
   PDATA SIZE       =   ----    ----
   DATA SIZE        =      2    ----
   IDATA SIZE       =   ----    ----
   BIT SIZE         =   ----    ----
END OF MODULE INFORMATION.


C51 COMPILATION COMPLETE.  0 WARNING(S),  0 ERROR(S)
