C51 COMPILER V9.54   DELAY                                                                 03/02/2016 16:35:21 PAGE 1   


C51 COMPILER V9.54, COMPILATION OF MODULE DELAY
OBJECT MODULE PLACED IN .\output\delay.obj
COMPILER INVOKED BY: D:\Keil_v5\C51\BIN\C51.EXE delay.c BROWSE DEBUG OBJECTEXTEND PRINT(.\list\delay.lst) TABS(2) OBJECT
                    -(.\output\delay.obj)

line level    source

   1          #include"delay.h"
   2          
   3          void delay_us(uint x)
   4          {
   5   1        uint i,j;
   6   1        for (j=0;j<x;j++)
   7   1          for (i=0;i<12;i++);
   8   1      }
   9          
  10          void delay_ms(uint x)
  11          {
  12   1        uint i,j;
  13   1        for (j=0;j<x;j++)
  14   1          for (i=0;i<120;i++);
  15   1      }


MODULE INFORMATION:   STATIC OVERLAYABLE
   CODE SIZE        =     64    ----
   CONSTANT SIZE    =   ----    ----
   XDATA SIZE       =   ----    ----
   PDATA SIZE       =   ----    ----
   DATA SIZE        =   ----    ----
   IDATA SIZE       =   ----    ----
   BIT SIZE         =   ----    ----
END OF MODULE INFORMATION.


C51 COMPILATION COMPLETE.  0 WARNING(S),  0 ERROR(S)
